<?xml version="1.0" encoding="UTF-8"?>
<!-- Generated by org.testng.reporters.JUnitXMLReporter -->
<testsuite ignored="0" hostname="DESKTOP-VCRLJ5I" failures="1" tests="1" name="Test" time="10.325" errors="0" timestamp="2023-04-17T21:45:37 IST">
  <testcase classname="com.test.AccountsOverviewValidation" name="registerNewUser" time="1.947">
    <failure type="java.lang.AssertionError" message="expected [ParaBank | Accounts Overview] but found [ParaBank | Error]">
      <![CDATA[java.lang.AssertionError: expected [ParaBank | Accounts Overview] but found [ParaBank | Error]
at com.pages.AccountsOverviewPage.validateAccountsOverviewPage(AccountsOverviewPage.java:22)
at com.test.AccountsOverviewValidation.registerNewUser(AccountsOverviewValidation.java:30)
at java.base/java.util.ArrayList.forEach(ArrayList.java:1511)
... Removed 33 stack frames]]>
    </failure>
  </testcase> <!-- registerNewUser -->
</testsuite> <!-- Test -->
